This file contains any messages produced by compilers while
running configure, to aid debugging if configure makes a mistake.

It was created by jq configure 1.6, which was
generated by GNU Autoconf 2.69.  Invocation command line was

  $ ./configure --disable-maintainer-mode --host=wasm32-unknown-emscripten --with-oniguruma=builtin

## --------- ##
## Platform. ##
## --------- ##

hostname = PRO2
uname -m = x86_64
uname -r = 5.0.0-14-generic
uname -s = Linux
uname -v = #15-Ubuntu SMP Wed Apr 24 15:39:57 UTC 2019

/usr/bin/uname -p = unknown
/bin/uname -X     = unknown

/bin/arch              = unknown
/usr/bin/arch -k       = unknown
/usr/convex/getsysinfo = unknown
/usr/bin/hostinfo      = unknown
/bin/machine           = unknown
/usr/bin/oslevel       = unknown
/bin/universe          = unknown

PATH: /home/piranna/Trabajo/Wasmer/emsdk/upstream/6162/emscripten/system/bin
PATH: /home/piranna/Trabajo/Wasmer/emsdk
PATH: /home/piranna/Trabajo/Wasmer/emsdk/upstream/6162/emscripten
PATH: /home/piranna/Trabajo/Wasmer/emsdk/node/8.9.1_64bit/bin
PATH: /home/piranna/Trabajo/Wasmer/emsdk/emscripten/1.38.31
PATH: /home/piranna/.cargo/bin
PATH: /usr/local/sbin
PATH: /usr/local/bin
PATH: /usr/sbin
PATH: /usr/bin
PATH: /sbin
PATH: /bin
PATH: /usr/games
PATH: /usr/local/games
PATH: /home/piranna/Android/Sdk/emulator
PATH: /home/piranna/Android/Sdk/tools
PATH: /home/piranna/Android/Sdk/tools/bin
PATH: /home/piranna/Android/Sdk/platform-tools
PATH: /home/piranna/Trabajo/Ventrata/depot_tools


## ----------- ##
## Core tests. ##
## ----------- ##

configure:2572: checking for a BSD-compatible install
configure:2640: result: /usr/bin/install -c
configure:2651: checking whether build environment is sane
configure:2706: result: yes
configure:2763: checking for wasm32-unknown-emscripten-strip
configure:2793: result: no
configure:2803: checking for strip
configure:2819: found /usr/bin/strip
configure:2830: result: strip
configure:2855: checking for a thread-safe mkdir -p
configure:2894: result: /bin/mkdir -p
configure:2901: checking for gawk
configure:2917: found /usr/bin/gawk
configure:2928: result: gawk
configure:2939: checking whether make sets $(MAKE)
configure:2961: result: yes
configure:2990: checking whether make supports nested variables
configure:3007: result: yes
configure:3144: checking whether make supports nested variables
configure:3161: result: yes
configure:3184: checking for style of include used by make
configure:3212: result: GNU
configure:3243: checking for wasm32-unknown-emscripten-gcc
configure:3270: result: /home/piranna/Trabajo/Wasmer/emsdk/upstream/6162/emscripten/emcc
configure:3539: checking for C compiler version
configure:3548: /home/piranna/Trabajo/Wasmer/emsdk/upstream/6162/emscripten/emcc --version >&5
emcc (Emscripten gcc/clang-like replacement) 1.38.31 (commit 040e49ad1e084ab4c464a9ca098c49b8c7085ffe)
Copyright (C) 2014 the Emscripten authors (see AUTHORS.txt)
This is free and open source software under the MIT license.
There is NO warranty; not even for MERCHANTABILITY or FITNESS FOR A PARTICULAR PURPOSE.
  
configure:3559: $? = 0
configure:3548: /home/piranna/Trabajo/Wasmer/emsdk/upstream/6162/emscripten/emcc -v >&5
emcc (Emscripten gcc/clang-like replacement + linker emulating GNU ld) 1.38.31
clang version 9.0.0 (https://github.com/llvm/llvm-project.git 9de9b5e950761cfeac936af9e9e9b2182bb1fffb)
Target: x86_64-unknown-linux-gnu
Thread model: posix
InstalledDir: /home/piranna/Trabajo/Wasmer/emsdk/upstream/6162/bin
Found candidate GCC installation: /usr/lib/gcc/x86_64-linux-gnu/7
Found candidate GCC installation: /usr/lib/gcc/x86_64-linux-gnu/7.4.0
Found candidate GCC installation: /usr/lib/gcc/x86_64-linux-gnu/8
Found candidate GCC installation: /usr/lib/gcc/x86_64-linux-gnu/9
Selected GCC installation: /usr/lib/gcc/x86_64-linux-gnu/8
... rest of stderr output deleted ...
configure:3559: $? = 0
configure:3548: /home/piranna/Trabajo/Wasmer/emsdk/upstream/6162/emscripten/emcc -V >&5
shared:ERROR: no input files
note that input files without a known suffix are ignored, make sure your input files end with one of: ('.c', '.C', '.i', '.cpp', '.cxx', '.cc', '.c++', '.CPP', '.CXX', '.CC', '.C++', '.ii', '.m', '.mi', '.mm', '.mii', '/dev/null', '.bc', '.o', '.obj', '.lo', '.dylib', '.so', '.a', '.ll', '.h', '.hxx', '.hpp', '.hh', '.H', '.HXX', '.HPP', '.HH')
configure:3559: $? = 1
configure:3548: /home/piranna/Trabajo/Wasmer/emsdk/upstream/6162/emscripten/emcc -qversion >&5
shared:ERROR: no input files
note that input files without a known suffix are ignored, make sure your input files end with one of: ('.c', '.C', '.i', '.cpp', '.cxx', '.cc', '.c++', '.CPP', '.CXX', '.CC', '.C++', '.ii', '.m', '.mi', '.mm', '.mii', '/dev/null', '.bc', '.o', '.obj', '.lo', '.dylib', '.so', '.a', '.ll', '.h', '.hxx', '.hpp', '.hh', '.H', '.HXX', '.HPP', '.HH')
configure:3559: $? = 1
configure:3579: checking whether the C compiler works
configure:3601: /home/piranna/Trabajo/Wasmer/emsdk/upstream/6162/emscripten/emcc    conftest.c  >&5
configure:3605: $? = 0
configure:3653: result: yes
configure:3656: checking for C compiler default output file name
configure:3658: result: a.out
configure:3664: checking for suffix of executables
configure:3671: /home/piranna/Trabajo/Wasmer/emsdk/upstream/6162/emscripten/emcc -o conftest    conftest.c  >&5
configure:3675: $? = 0
configure:3697: result: 
configure:3719: checking whether we are cross compiling
configure:3727: /home/piranna/Trabajo/Wasmer/emsdk/upstream/6162/emscripten/emcc -o conftest    conftest.c  >&5
configure:3731: $? = 0
configure:3738: ./conftest
configure:3742: $? = 0
configure:3730: result: no
configure:3735: checking for suffix of object files
configure:3757: /home/piranna/Trabajo/Wasmer/emsdk/upstream/6162/emscripten/emcc -c   conftest.c >&5
configure:3761: $? = 0
configure:3782: result: o
configure:3786: checking whether we are using the GNU C compiler
configure:3805: /home/piranna/Trabajo/Wasmer/emsdk/upstream/6162/emscripten/emcc -c   conftest.c >&5
configure:3805: $? = 0
configure:3814: result: yes
configure:3823: checking whether /home/piranna/Trabajo/Wasmer/emsdk/upstream/6162/emscripten/emcc accepts -g
configure:3843: /home/piranna/Trabajo/Wasmer/emsdk/upstream/6162/emscripten/emcc -c -g  conftest.c >&5
configure:3843: $? = 0
configure:3884: result: yes
configure:3901: checking for /home/piranna/Trabajo/Wasmer/emsdk/upstream/6162/emscripten/emcc option to accept ISO C89
configure:3964: /home/piranna/Trabajo/Wasmer/emsdk/upstream/6162/emscripten/emcc  -c   conftest.c >&5
configure:3964: $? = 0
configure:3977: result: none needed
configure:4002: checking whether /home/piranna/Trabajo/Wasmer/emsdk/upstream/6162/emscripten/emcc understands -c and -o together
configure:4024: /home/piranna/Trabajo/Wasmer/emsdk/upstream/6162/emscripten/emcc -c conftest.c -o conftest2.o
configure:4027: $? = 0
configure:4024: /home/piranna/Trabajo/Wasmer/emsdk/upstream/6162/emscripten/emcc -c conftest.c -o conftest2.o
configure:4027: $? = 0
configure:4039: result: yes
configure:4058: checking dependency style of /home/piranna/Trabajo/Wasmer/emsdk/upstream/6162/emscripten/emcc
configure:4169: result: gcc3
configure:4190: checking for wasm32-unknown-emscripten-ar
configure:4217: result: /home/piranna/Trabajo/Wasmer/emsdk/upstream/6162/emscripten/emar
configure:4287: checking the archiver (/home/piranna/Trabajo/Wasmer/emsdk/upstream/6162/emscripten/emar) interface
configure:4303: /home/piranna/Trabajo/Wasmer/emsdk/upstream/6162/emscripten/emcc -c   conftest.c >&5
configure:4303: $? = 0
configure:4305: /home/piranna/Trabajo/Wasmer/emsdk/upstream/6162/emscripten/emar cru libconftest.a conftest.o >&5
configure:4308: $? = 0
configure:4307: result: ar
configure:4328: checking whether to enable maintainer-specific portions of Makefiles
configure:4337: result: no
configure:4358: checking for wasm32-unknown-emscripten-gcc
configure:4385: result: /home/piranna/Trabajo/Wasmer/emsdk/upstream/6162/emscripten/emcc
configure:4654: checking for C compiler version
configure:4663: /home/piranna/Trabajo/Wasmer/emsdk/upstream/6162/emscripten/emcc --version >&5
emcc (Emscripten gcc/clang-like replacement) 1.38.31 (commit 040e49ad1e084ab4c464a9ca098c49b8c7085ffe)
Copyright (C) 2014 the Emscripten authors (see AUTHORS.txt)
This is free and open source software under the MIT license.
There is NO warranty; not even for MERCHANTABILITY or FITNESS FOR A PARTICULAR PURPOSE.
  
configure:4674: $? = 0
configure:4663: /home/piranna/Trabajo/Wasmer/emsdk/upstream/6162/emscripten/emcc -v >&5
emcc (Emscripten gcc/clang-like replacement + linker emulating GNU ld) 1.38.31
clang version 9.0.0 (https://github.com/llvm/llvm-project.git 9de9b5e950761cfeac936af9e9e9b2182bb1fffb)
Target: x86_64-unknown-linux-gnu
Thread model: posix
InstalledDir: /home/piranna/Trabajo/Wasmer/emsdk/upstream/6162/bin
Found candidate GCC installation: /usr/lib/gcc/x86_64-linux-gnu/7
Found candidate GCC installation: /usr/lib/gcc/x86_64-linux-gnu/7.4.0
Found candidate GCC installation: /usr/lib/gcc/x86_64-linux-gnu/8
Found candidate GCC installation: /usr/lib/gcc/x86_64-linux-gnu/9
Selected GCC installation: /usr/lib/gcc/x86_64-linux-gnu/8
... rest of stderr output deleted ...
configure:4674: $? = 0
configure:4663: /home/piranna/Trabajo/Wasmer/emsdk/upstream/6162/emscripten/emcc -V >&5
shared:ERROR: no input files
note that input files without a known suffix are ignored, make sure your input files end with one of: ('.c', '.C', '.i', '.cpp', '.cxx', '.cc', '.c++', '.CPP', '.CXX', '.CC', '.C++', '.ii', '.m', '.mi', '.mm', '.mii', '/dev/null', '.bc', '.o', '.obj', '.lo', '.dylib', '.so', '.a', '.ll', '.h', '.hxx', '.hpp', '.hh', '.H', '.HXX', '.HPP', '.HH')
configure:4674: $? = 1
configure:4663: /home/piranna/Trabajo/Wasmer/emsdk/upstream/6162/emscripten/emcc -qversion >&5
shared:ERROR: no input files
note that input files without a known suffix are ignored, make sure your input files end with one of: ('.c', '.C', '.i', '.cpp', '.cxx', '.cc', '.c++', '.CPP', '.CXX', '.CC', '.C++', '.ii', '.m', '.mi', '.mm', '.mii', '/dev/null', '.bc', '.o', '.obj', '.lo', '.dylib', '.so', '.a', '.ll', '.h', '.hxx', '.hpp', '.hh', '.H', '.HXX', '.HPP', '.HH')
configure:4674: $? = 1
configure:4678: checking whether we are using the GNU C compiler
configure:4706: result: yes
configure:4715: checking whether /home/piranna/Trabajo/Wasmer/emsdk/upstream/6162/emscripten/emcc accepts -g
configure:4776: result: yes
configure:4793: checking for /home/piranna/Trabajo/Wasmer/emsdk/upstream/6162/emscripten/emcc option to accept ISO C89
configure:4869: result: none needed
configure:4894: checking whether /home/piranna/Trabajo/Wasmer/emsdk/upstream/6162/emscripten/emcc understands -c and -o together
configure:4931: result: yes
configure:4950: checking dependency style of /home/piranna/Trabajo/Wasmer/emsdk/upstream/6162/emscripten/emcc
configure:5061: result: gcc3
configure:5080: checking for /home/piranna/Trabajo/Wasmer/emsdk/upstream/6162/emscripten/emcc option to accept ISO C99
configure:5229: /home/piranna/Trabajo/Wasmer/emsdk/upstream/6162/emscripten/emcc  -c   conftest.c >&5
configure:5229: $? = 0
configure:5242: result: none needed
configure:5350: checking for /home/piranna/Trabajo/Wasmer/emsdk/upstream/6162/emscripten/emcc option to accept ISO Standard C
configure:5361: result: none needed
configure:5373: checking how to run the C preprocessor
configure:5404: /home/piranna/Trabajo/Wasmer/emsdk/upstream/6162/emscripten/emcc -E  conftest.c
configure:5404: $? = 0
configure:5418: /home/piranna/Trabajo/Wasmer/emsdk/upstream/6162/emscripten/emcc -E  conftest.c
conftest.c:11:10: fatal error: 'ac_nonexistent.h' file not found
#include <ac_nonexistent.h>
         ^~~~~~~~~~~~~~~~~~
1 error generated.
configure:5418: $? = 1
configure: failed program was:
| /* confdefs.h */
| #define PACKAGE_NAME "jq"
| #define PACKAGE_TARNAME "jq"
| #define PACKAGE_VERSION "1.6"
| #define PACKAGE_STRING "jq 1.6"
| #define PACKAGE_BUGREPORT "https://github.com/stedolan/jq/issues"
| #define PACKAGE_URL "https://stedolan.github.io/jq"
| #define PACKAGE "jq"
| #define VERSION "1.6"
| /* end confdefs.h.  */
| #include <ac_nonexistent.h>
configure:5443: result: /home/piranna/Trabajo/Wasmer/emsdk/upstream/6162/emscripten/emcc -E
configure:5463: /home/piranna/Trabajo/Wasmer/emsdk/upstream/6162/emscripten/emcc -E  conftest.c
configure:5463: $? = 0
configure:5477: /home/piranna/Trabajo/Wasmer/emsdk/upstream/6162/emscripten/emcc -E  conftest.c
conftest.c:11:10: fatal error: 'ac_nonexistent.h' file not found
#include <ac_nonexistent.h>
         ^~~~~~~~~~~~~~~~~~
1 error generated.
configure:5477: $? = 1
configure: failed program was:
| /* confdefs.h */
| #define PACKAGE_NAME "jq"
| #define PACKAGE_TARNAME "jq"
| #define PACKAGE_VERSION "1.6"
| #define PACKAGE_STRING "jq 1.6"
| #define PACKAGE_BUGREPORT "https://github.com/stedolan/jq/issues"
| #define PACKAGE_URL "https://stedolan.github.io/jq"
| #define PACKAGE "jq"
| #define VERSION "1.6"
| /* end confdefs.h.  */
| #include <ac_nonexistent.h>
configure:5510: checking for bison
configure:5540: result: no
configure:5510: checking for byacc
configure:5540: result: no
configure:5580: checking build system type
configure:5594: result: x86_64-unknown-linux-gnu
configure:5614: checking host system type
configure:5623: error: /bin/bash config/config.sub wasm32-unknown-emscripten failed

## ---------------- ##
## Cache variables. ##
## ---------------- ##

ac_cv_build=x86_64-unknown-linux-gnu
ac_cv_c_compiler_gnu=yes
ac_cv_env_CC_set=set
ac_cv_env_CC_value=/home/piranna/Trabajo/Wasmer/emsdk/upstream/6162/emscripten/emcc
ac_cv_env_CFLAGS_set=set
ac_cv_env_CFLAGS_value=
ac_cv_env_CPPFLAGS_set=
ac_cv_env_CPPFLAGS_value=
ac_cv_env_CPP_set=
ac_cv_env_CPP_value=
ac_cv_env_LDFLAGS_set=
ac_cv_env_LDFLAGS_value=
ac_cv_env_LIBS_set=
ac_cv_env_LIBS_value=
ac_cv_env_LT_SYS_LIBRARY_PATH_set=
ac_cv_env_LT_SYS_LIBRARY_PATH_value=
ac_cv_env_YACC_set=
ac_cv_env_YACC_value=
ac_cv_env_YFLAGS_set=
ac_cv_env_YFLAGS_value=
ac_cv_env_build_alias_set=
ac_cv_env_build_alias_value=
ac_cv_env_host_alias_set=set
ac_cv_env_host_alias_value=wasm32-unknown-emscripten
ac_cv_env_target_alias_set=
ac_cv_env_target_alias_value=
ac_cv_host=
ac_cv_objext=o
ac_cv_path_install='/usr/bin/install -c'
ac_cv_path_mkdir=/bin/mkdir
ac_cv_prog_AR=/home/piranna/Trabajo/Wasmer/emsdk/upstream/6162/emscripten/emar
ac_cv_prog_AWK=gawk
ac_cv_prog_CC=/home/piranna/Trabajo/Wasmer/emsdk/upstream/6162/emscripten/emcc
ac_cv_prog_CPP='/home/piranna/Trabajo/Wasmer/emsdk/upstream/6162/emscripten/emcc -E'
ac_cv_prog_ac_ct_STRIP=strip
ac_cv_prog_cc_c89=
ac_cv_prog_cc_c99=
ac_cv_prog_cc_g=yes
ac_cv_prog_cc_stdc=
ac_cv_prog_make_make_set=yes
am_cv_CC_dependencies_compiler_type=gcc3
am_cv_ar_interface=ar
am_cv_make_support_nested_variables=yes
am_cv_prog_cc_c_o=yes

## ----------------- ##
## Output variables. ##
## ----------------- ##

ACLOCAL='${SHELL} /home/piranna/Trabajo/Wasmer/jq/jq-1.6/config/missing aclocal-1.15'
ALLOCA=''
AMDEPBACKSLASH='\'
AMDEP_FALSE='#'
AMDEP_TRUE=''
AMTAR='$${TAR-tar}'
AM_BACKSLASH='\'
AM_DEFAULT_V='$(AM_DEFAULT_VERBOSITY)'
AM_DEFAULT_VERBOSITY='0'
AM_V='$(V)'
AR='/home/piranna/Trabajo/Wasmer/emsdk/upstream/6162/emscripten/emar'
AS=''
AUTOCONF='${SHELL} /home/piranna/Trabajo/Wasmer/jq/jq-1.6/config/missing autoconf'
AUTOHEADER='${SHELL} /home/piranna/Trabajo/Wasmer/jq/jq-1.6/config/missing autoheader'
AUTOMAKE='${SHELL} /home/piranna/Trabajo/Wasmer/jq/jq-1.6/config/missing automake-1.15'
AWK='gawk'
BISON_VERSION=''
BUILD_ONIGURUMA_FALSE=''
BUILD_ONIGURUMA_TRUE=''
BUNDLER=''
CC='/home/piranna/Trabajo/Wasmer/emsdk/upstream/6162/emscripten/emcc'
CCDEPMODE='depmode=gcc3'
CFLAGS=''
CPP='/home/piranna/Trabajo/Wasmer/emsdk/upstream/6162/emscripten/emcc -E'
CPPFLAGS=''
CYGPATH_W='echo'
DEFS=''
DEPDIR='.deps'
DLLTOOL=''
DSYMUTIL=''
DUMPBIN=''
ECHO_C=''
ECHO_N='-n'
ECHO_T=''
EGREP=''
ENABLE_ALL_STATIC_FALSE=''
ENABLE_ALL_STATIC_TRUE=''
ENABLE_ASAN_FALSE=''
ENABLE_ASAN_TRUE=''
ENABLE_DOCS_FALSE=''
ENABLE_DOCS_TRUE=''
ENABLE_ERROR_INJECTION_FALSE=''
ENABLE_ERROR_INJECTION_TRUE=''
ENABLE_GCOV_FALSE=''
ENABLE_GCOV_TRUE=''
ENABLE_UBSAN_FALSE=''
ENABLE_UBSAN_TRUE=''
ENABLE_VALGRIND_FALSE=''
ENABLE_VALGRIND_TRUE=''
EXEEXT=''
FGREP=''
GREP=''
INSTALL_DATA='${INSTALL} -m 644'
INSTALL_PROGRAM='${INSTALL}'
INSTALL_SCRIPT='${INSTALL}'
INSTALL_STRIP_PROGRAM='$(install_sh) -c -s'
LD='/home/piranna/Trabajo/Wasmer/emsdk/upstream/6162/emscripten/emcc'
LDFLAGS=''
LEX=''
LIBOBJS=''
LIBS=''
LIBTOOL=''
LIB__isatty=''
LIB_atexit=''
LIB_gettimeofday=''
LIB_gmtime=''
LIB_gmtime_r=''
LIB_isatty=''
LIB_localtime=''
LIB_localtime_r=''
LIB_pthread_key_create=''
LIB_pthread_once=''
LIB_strftime=''
LIB_strptime=''
LIB_timegm=''
LIPO=''
LN_S=''
LTLIBOBJS=''
LT_SYS_LIBRARY_PATH=''
MAINT='#'
MAINTAINER_MODE_FALSE=''
MAINTAINER_MODE_TRUE='#'
MAKEINFO='${SHELL} /home/piranna/Trabajo/Wasmer/jq/jq-1.6/config/missing makeinfo'
MANIFEST_TOOL=''
MKDIR_P='/bin/mkdir -p'
NM='/home/piranna/Trabajo/Wasmer/emsdk/upstream/6162/bin/llvm-nm'
NMEDIT=''
OBJDUMP=''
OBJEXT='o'
OTOOL64=''
OTOOL=''
PACKAGE='jq'
PACKAGE_BUGREPORT='https://github.com/stedolan/jq/issues'
PACKAGE_NAME='jq'
PACKAGE_STRING='jq 1.6'
PACKAGE_TARNAME='jq'
PACKAGE_URL='https://stedolan.github.io/jq'
PACKAGE_VERSION='1.6'
PATH_SEPARATOR=':'
RANLIB='/home/piranna/Trabajo/Wasmer/emsdk/upstream/6162/emscripten/emranlib'
SED=''
SET_MAKE=''
SHELL='/bin/bash'
STRIP='strip'
VERSION='1.6'
WIN32_FALSE=''
WIN32_TRUE=''
YACC='yacc'
YFLAGS=''
ac_ct_AR=''
ac_ct_CC=''
ac_ct_DUMPBIN=''
am__EXEEXT_FALSE=''
am__EXEEXT_TRUE=''
am__fastdepCC_FALSE='#'
am__fastdepCC_TRUE=''
am__include='include'
am__isrc=''
am__leading_dot='.'
am__nodep='_no'
am__quote=''
am__tar='$${TAR-tar} chof - "$$tardir"'
am__untar='$${TAR-tar} xf -'
bindir='${exec_prefix}/bin'
build='x86_64-unknown-linux-gnu'
build_alias=''
build_cpu='x86_64'
build_os='linux-gnu'
build_vendor='unknown'
bundle_cmd=''
datadir='${datarootdir}'
datarootdir='${prefix}/share'
docdir='${datarootdir}/doc/${PACKAGE_TARNAME}'
dvidir='${docdir}'
exec_prefix='NONE'
host='wasm32-unknown-emscripten'
host_alias='wasm32-unknown-emscripten'
host_cpu=''
host_os=''
host_vendor=''
htmldir='${docdir}'
includedir='${prefix}/include'
infodir='${datarootdir}/info'
install_sh='${SHELL} /home/piranna/Trabajo/Wasmer/jq/jq-1.6/config/install-sh'
libdir='${exec_prefix}/lib'
libexecdir='${exec_prefix}/libexec'
localedir='${datarootdir}/locale'
localstatedir='${prefix}/var'
mandir='${datarootdir}/man'
mkdir_p='$(MKDIR_P)'
oldincludedir='/usr/include'
onig_CFLAGS=''
onig_LDFLAGS=''
pdfdir='${docdir}'
prefix='NONE'
program_transform_name='s,x,x,'
psdir='${docdir}'
sbindir='${exec_prefix}/sbin'
sharedstatedir='${prefix}/com'
subdirs=''
sysconfdir='${prefix}/etc'
target_alias=''
valgrind_cmd=''

## ----------- ##
## confdefs.h. ##
## ----------- ##

/* confdefs.h */
#define PACKAGE_NAME "jq"
#define PACKAGE_TARNAME "jq"
#define PACKAGE_VERSION "1.6"
#define PACKAGE_STRING "jq 1.6"
#define PACKAGE_BUGREPORT "https://github.com/stedolan/jq/issues"
#define PACKAGE_URL "https://stedolan.github.io/jq"
#define PACKAGE "jq"
#define VERSION "1.6"

configure: exit 1
